2023-01-01 14:20:18,937 [Main.java:17] [ERROR] Cannot read input from console in IDE
java.lang.NullPointerException: Cannot read input from console in IDE
	at com.onlineinteract.scanner.Main.main(Main.java:15)
2023-01-01 14:20:18,944 [Main.java:18] [INFO ] Attempting to use Scanner
2023-01-01 14:20:35,189 [Main.java:17] [ERROR] Cannot read input from console in IDE
java.lang.NullPointerException: Cannot read input from console in IDE
	at com.onlineinteract.scanner.Main.main(Main.java:15)
2023-01-01 14:20:35,191 [Main.java:18] [INFO ] Attempting to use Scanner
2023-01-01 17:35:30,511 [Main.java:17] [ERROR] Cannot read input from console in IDE
java.lang.NullPointerException: Cannot read input from console in IDE
	at com.onlineinteract.scanner.Main.main(Main.java:15)
2023-01-01 17:35:30,514 [Main.java:18] [INFO ] Attempting to use Scanner
2023-01-01 17:36:44,994 [Challenge.java:26] [ERROR] Invalid number: For input string: "abc"
java.lang.NumberFormatException: For input string: "abc"
	at java.base/java.lang.NumberFormatException.forInputString(NumberFormatException.java:67)
	at java.base/java.lang.Integer.parseInt(Integer.java:668)
	at java.base/java.lang.Integer.parseInt(Integer.java:786)
	at com.onlineinteract.scanner.Challenge.main(Challenge.java:22)
2023-01-01 17:36:54,926 [Challenge.java:26] [ERROR] Invalid number: For input string: "g"
java.lang.NumberFormatException: For input string: "g"
	at java.base/java.lang.NumberFormatException.forInputString(NumberFormatException.java:67)
	at java.base/java.lang.Integer.parseInt(Integer.java:668)
	at java.base/java.lang.Integer.parseInt(Integer.java:786)
	at com.onlineinteract.scanner.Challenge.main(Challenge.java:22)
2023-01-01 17:37:29,120 [Challenge.java:26] [ERROR] Invalid number: For input string: "s"
java.lang.NumberFormatException: For input string: "s"
	at java.base/java.lang.NumberFormatException.forInputString(NumberFormatException.java:67)
	at java.base/java.lang.Integer.parseInt(Integer.java:668)
	at java.base/java.lang.Integer.parseInt(Integer.java:786)
	at com.onlineinteract.scanner.Challenge.main(Challenge.java:22)
2023-01-01 17:39:12,953 [Challenge.java:26] [ERROR] Invalid number: For input string: "2.3"
java.lang.NumberFormatException: For input string: "2.3"
	at java.base/java.lang.NumberFormatException.forInputString(NumberFormatException.java:67)
	at java.base/java.lang.Integer.parseInt(Integer.java:668)
	at java.base/java.lang.Integer.parseInt(Integer.java:786)
	at com.onlineinteract.scanner.Challenge.main(Challenge.java:22)
2023-01-01 17:39:19,469 [Challenge.java:26] [ERROR] Invalid number: For input string: "3.0"
java.lang.NumberFormatException: For input string: "3.0"
	at java.base/java.lang.NumberFormatException.forInputString(NumberFormatException.java:67)
	at java.base/java.lang.Integer.parseInt(Integer.java:668)
	at java.base/java.lang.Integer.parseInt(Integer.java:786)
	at com.onlineinteract.scanner.Challenge.main(Challenge.java:22)
2023-01-01 17:41:15,745 [Challenge.java:27] [ERROR] Invalid number: For input string: "k"
java.lang.NumberFormatException: For input string: "k"
	at java.base/jdk.internal.math.FloatingDecimal.readJavaFormatString(FloatingDecimal.java:2054)
	at java.base/jdk.internal.math.FloatingDecimal.parseDouble(FloatingDecimal.java:110)
	at java.base/java.lang.Double.parseDouble(Double.java:651)
	at com.onlineinteract.scanner.Challenge.main(Challenge.java:23)
2023-01-02 14:00:38,115 [MinMaxChallenge.java:24] [ERROR] For input string: "g"
java.lang.NumberFormatException: For input string: "g"
	at java.base/jdk.internal.math.FloatingDecimal.readJavaFormatString(FloatingDecimal.java:2054)
	at java.base/jdk.internal.math.FloatingDecimal.parseDouble(FloatingDecimal.java:110)
	at java.base/java.lang.Double.parseDouble(Double.java:651)
	at com.onlineinteract.scanner.MinMaxChallenge.main(MinMaxChallenge.java:22)
2023-01-02 14:00:59,099 [MinMaxChallenge.java:24] [ERROR] For input string: "exit"
java.lang.NumberFormatException: For input string: "exit"
	at java.base/jdk.internal.math.FloatingDecimal.readJavaFormatString(FloatingDecimal.java:2054)
	at java.base/jdk.internal.math.FloatingDecimal.parseDouble(FloatingDecimal.java:110)
	at java.base/java.lang.Double.parseDouble(Double.java:651)
	at com.onlineinteract.scanner.MinMaxChallenge.main(MinMaxChallenge.java:22)
2023-01-02 14:07:41,475 [MinMaxChallenge.java:31] [ERROR] For input string: "q"
java.lang.NumberFormatException: For input string: "q"
	at java.base/jdk.internal.math.FloatingDecimal.readJavaFormatString(FloatingDecimal.java:2054)
	at java.base/jdk.internal.math.FloatingDecimal.parseDouble(FloatingDecimal.java:110)
	at java.base/java.lang.Double.parseDouble(Double.java:651)
	at com.onlineinteract.scanner.MinMaxChallenge.main(MinMaxChallenge.java:22)
2023-01-02 14:08:51,762 [MinMaxChallenge.java:31] [ERROR] For input string: "q"
java.lang.NumberFormatException: For input string: "q"
	at java.base/jdk.internal.math.FloatingDecimal.readJavaFormatString(FloatingDecimal.java:2054)
	at java.base/jdk.internal.math.FloatingDecimal.parseDouble(FloatingDecimal.java:110)
	at java.base/java.lang.Double.parseDouble(Double.java:651)
	at com.onlineinteract.scanner.MinMaxChallenge.main(MinMaxChallenge.java:22)
2023-01-02 14:11:53,986 [MinMaxChallenge.java:32] [ERROR] For input string: "f"
java.lang.NumberFormatException: For input string: "f"
	at java.base/jdk.internal.math.FloatingDecimal.readJavaFormatString(FloatingDecimal.java:2054)
	at java.base/jdk.internal.math.FloatingDecimal.parseDouble(FloatingDecimal.java:110)
	at java.base/java.lang.Double.parseDouble(Double.java:651)
	at com.onlineinteract.scanner.MinMaxChallenge.main(MinMaxChallenge.java:22)
2023-01-02 14:12:04,177 [MinMaxChallenge.java:32] [ERROR] For input string: "g"
java.lang.NumberFormatException: For input string: "g"
	at java.base/jdk.internal.math.FloatingDecimal.readJavaFormatString(FloatingDecimal.java:2054)
	at java.base/jdk.internal.math.FloatingDecimal.parseDouble(FloatingDecimal.java:110)
	at java.base/java.lang.Double.parseDouble(Double.java:651)
	at com.onlineinteract.scanner.MinMaxChallenge.main(MinMaxChallenge.java:22)
2023-01-02 14:12:16,431 [MinMaxChallenge.java:32] [ERROR] For input string: "r"
java.lang.NumberFormatException: For input string: "r"
	at java.base/jdk.internal.math.FloatingDecimal.readJavaFormatString(FloatingDecimal.java:2054)
	at java.base/jdk.internal.math.FloatingDecimal.parseDouble(FloatingDecimal.java:110)
	at java.base/java.lang.Double.parseDouble(Double.java:651)
	at com.onlineinteract.scanner.MinMaxChallenge.main(MinMaxChallenge.java:22)
2023-01-03 15:58:09,174 [Main.java:18] [INFO ] Your age is {0}
2023-01-03 15:58:21,125 [Main.java:18] [INFO ] Your age is %d
2023-01-03 15:58:55,115 [Main.java:18] [INFO ] Your age is 43
2023-01-03 15:59:31,836 [Main.java:18] [INFO ] Your age is 43
2023-01-03 16:00:13,679 [Main.java:18] [INFO ] Your age is 43, and before, it was 42
2023-01-03 16:00:39,970 [Main.java:18] [INFO ] Gary, your age is 43, and before, it was 42
2023-01-03 16:01:26,596 [Main.java:18] [INFO ] Gary, your age is 43, and before, it was 42
2023-01-03 16:04:53,555 [Main.java:18] [INFO ] Gary, your age is 43, and before, it was 42
2023-01-03 16:05:14,087 [Main.java:18] [INFO ] Gary, your age is 43, and before, it was 42
2023-01-03 17:11:01,605 [Main.java:35] [INFO ] Gary, your age is 43, and before, it was 42
2023-01-03 17:11:22,605 [Main.java:35] [INFO ] Gary, your age is 43, and before, it was 42
2023-01-03 17:12:12,186 [Main.java:35] [INFO ] Gary, your age is 43, and before, it was 42
