2022-12-28 13:10:53,565 [Main.java:17] [ERROR] Cannot read input from console in IDE
java.lang.NullPointerException: Cannot read input from console in IDE
	at com.onlineinteract.scanner.Main.main(Main.java:15)
2022-12-28 13:10:53,572 [Main.java:18] [INFO ] Attempting to use Scanner
2022-12-28 13:29:14,180 [Main.java:17] [ERROR] Cannot read input from console in IDE
java.lang.NullPointerException: Cannot read input from console in IDE
	at com.onlineinteract.scanner.Main.main(Main.java:15)
2022-12-28 13:29:14,182 [Main.java:18] [INFO ] Attempting to use Scanner
2022-12-28 13:29:26,743 [Main.java:17] [ERROR] Cannot read input from console in IDE
java.lang.NullPointerException: Cannot read input from console in IDE
	at com.onlineinteract.scanner.Main.main(Main.java:15)
2022-12-28 13:29:26,746 [Main.java:18] [INFO ] Attempting to use Scanner
2022-12-28 13:30:29,596 [Main.java:17] [ERROR] Cannot read input from console in IDE
java.lang.NullPointerException: Cannot read input from console in IDE
	at com.onlineinteract.scanner.Main.main(Main.java:15)
2022-12-28 13:30:29,598 [Main.java:18] [INFO ] Attempting to use Scanner
2022-12-28 13:35:41,353 [Main.java:17] [ERROR] Cannot read input from console in IDE
java.lang.NullPointerException: Cannot read input from console in IDE
	at com.onlineinteract.scanner.Main.main(Main.java:15)
2022-12-28 13:35:41,355 [Main.java:18] [INFO ] Attempting to use Scanner
2022-12-28 13:35:55,105 [Main.java:17] [ERROR] Cannot read input from console in IDE
java.lang.NullPointerException: Cannot read input from console in IDE
	at com.onlineinteract.scanner.Main.main(Main.java:15)
2022-12-28 13:35:55,108 [Main.java:18] [INFO ] Attempting to use Scanner
2022-12-28 13:36:03,879 [Main.java:41] [ERROR] Characters not allowed!!! Try again.
java.lang.NumberFormatException: For input string: "12d3"
	at java.base/java.lang.NumberFormatException.forInputString(NumberFormatException.java:67)
	at java.base/java.lang.Integer.parseInt(Integer.java:668)
	at java.base/java.lang.Integer.parseInt(Integer.java:786)
	at com.onlineinteract.scanner.Main.checkData(Main.java:49)
	at com.onlineinteract.scanner.Main.getInputFromScanner(Main.java:38)
	at com.onlineinteract.scanner.Main.main(Main.java:19)
2022-12-28 13:36:19,311 [Main.java:41] [ERROR] Characters not allowed!!! Try again.
java.lang.NumberFormatException: For input string: "78v32"
	at java.base/java.lang.NumberFormatException.forInputString(NumberFormatException.java:67)
	at java.base/java.lang.Integer.parseInt(Integer.java:668)
	at java.base/java.lang.Integer.parseInt(Integer.java:786)
	at com.onlineinteract.scanner.Main.checkData(Main.java:49)
	at com.onlineinteract.scanner.Main.getInputFromScanner(Main.java:38)
	at com.onlineinteract.scanner.Main.main(Main.java:19)
