2022-12-22 14:41:24,724 [Main.java:14] [ERROR] Cannot read input from console in IDE
java.lang.NullPointerException: Cannot read input from console in IDE
	at com.onlineinteract.scanner.Main.main(Main.java:12)
2022-12-22 14:41:24,726 [Main.java:15] [INFO ] Attempting to use Scanner
2022-12-22 14:41:26,392 [Main.java:14] [ERROR] Cannot read input from console in IDE
java.lang.NullPointerException: Cannot read input from console in IDE
	at com.onlineinteract.scanner.Main.main(Main.java:12)
2022-12-22 14:41:26,394 [Main.java:15] [INFO ] Attempting to use Scanner
2022-12-22 14:41:29,314 [Main.java:14] [ERROR] Cannot read input from console in IDE
java.lang.NullPointerException: Cannot read input from console in IDE
	at com.onlineinteract.scanner.Main.main(Main.java:12)
2022-12-22 14:41:29,317 [Main.java:15] [INFO ] Attempting to use Scanner
2022-12-22 15:08:07,839 [Main.java:14] [ERROR] Cannot read input from console in IDE
java.lang.NullPointerException: Cannot read input from console in IDE
	at com.onlineinteract.scanner.Main.main(Main.java:12)
	at org.codehaus.mojo.exec.ExecJavaMojo$1.run(ExecJavaMojo.java:254)
	at java.base/java.lang.Thread.run(Thread.java:833)
2022-12-22 15:08:07,841 [Main.java:15] [INFO ] Attempting to use Scanner
2022-12-22 15:09:30,906 [Main.java:14] [ERROR] Cannot read input from console in IDE
java.lang.NullPointerException: Cannot read input from console in IDE
	at com.onlineinteract.scanner.Main.main(Main.java:12)
	at org.codehaus.mojo.exec.ExecJavaMojo$1.run(ExecJavaMojo.java:254)
	at java.base/java.lang.Thread.run(Thread.java:833)
2022-12-22 15:09:30,908 [Main.java:15] [INFO ] Attempting to use Scanner
2022-12-22 15:15:09,604 [Main.java:14] [ERROR] Cannot read input from console in IDE
java.lang.NullPointerException: Cannot read input from console in IDE
	at com.onlineinteract.scanner.Main.main(Main.java:12)
	at org.codehaus.mojo.exec.ExecJavaMojo$1.run(ExecJavaMojo.java:254)
	at java.base/java.lang.Thread.run(Thread.java:833)
2022-12-22 15:15:09,607 [Main.java:15] [INFO ] Attempting to use Scanner
2022-12-22 15:17:04,570 [Main.java:14] [ERROR] Cannot read input from console in IDE
java.lang.NullPointerException: Cannot read input from console in IDE
	at com.onlineinteract.scanner.Main.main(Main.java:12)
	at org.codehaus.mojo.exec.ExecJavaMojo$1.run(ExecJavaMojo.java:254)
	at java.base/java.lang.Thread.run(Thread.java:833)
2022-12-22 15:17:04,572 [Main.java:15] [INFO ] Attempting to use Scanner
